<?xml version="1.0" encoding="UTF-8"?>
<testng-results ignored="0" total="2" passed="2" failed="0" skipped="0">
  <reporter-output>
  </reporter-output>
  <suite started-at="2022-11-16T13:33:24 IST" name="Default suite" finished-at="2022-11-16T13:35:31 IST" duration-ms="126086">
    <groups>
      <group name="cucumber">
        <method signature="AbstractTestNGCucumberTests.runScenario(io.cucumber.testng.PickleWrapper,io.cucumber.testng.FeatureWrapper)[pri:0, instance:testRunners.ebayTestRunner@75d4a5c2]" name="runScenario" class="io.cucumber.testng.AbstractTestNGCucumberTests"/>
      </group> <!-- cucumber -->
    </groups>
    <test started-at="2022-11-16T13:33:24 IST" name="Default test" finished-at="2022-11-16T13:35:31 IST" duration-ms="126086">
      <class name="testRunners.ebayTestRunner">
        <test-method is-config="true" signature="setUpClass(org.testng.ITestContext)[pri:0, instance:testRunners.ebayTestRunner@75d4a5c2]" started-at="2022-11-16T13:33:25 IST" name="setUpClass" finished-at="2022-11-16T13:33:30 IST" duration-ms="5818" status="PASS">
          <params>
            <param index="0">
              <value>
                <![CDATA[org.testng.TestRunner@5d352de0]]>
              </value>
            </param>
          </params>
          <reporter-output>
          </reporter-output>
        </test-method> <!-- setUpClass -->
        <test-method signature="runScenario(io.cucumber.testng.PickleWrapper,io.cucumber.testng.FeatureWrapper)[pri:0, instance:testRunners.ebayTestRunner@75d4a5c2]" started-at="2022-11-16T13:33:31 IST" name="runScenario" description="Runs Cucumber Scenarios" data-provider="scenarios" finished-at="2022-11-16T13:35:09 IST" duration-ms="98187" status="PASS">
          <params>
            <param index="0">
              <value>
                <![CDATA["Check filter tags are applied"]]>
              </value>
            </param>
            <param index="1">
              <value>
                <![CDATA["Verify screen size, Price and Item location filters tags are applied"]]>
              </value>
            </param>
          </params>
          <reporter-output>
          </reporter-output>
        </test-method> <!-- runScenario -->
        <test-method signature="runScenario(io.cucumber.testng.PickleWrapper,io.cucumber.testng.FeatureWrapper)[pri:0, instance:testRunners.ebayTestRunner@75d4a5c2]" started-at="2022-11-16T13:35:09 IST" name="runScenario" description="Runs Cucumber Scenarios" data-provider="scenarios" finished-at="2022-11-16T13:35:30 IST" duration-ms="21665" status="PASS">
          <params>
            <param index="0">
              <value>
                <![CDATA["Verify any search string in the search bar"]]>
              </value>
            </param>
            <param index="1">
              <value>
                <![CDATA["User verify string  result in search bar"]]>
              </value>
            </param>
          </params>
          <reporter-output>
          </reporter-output>
        </test-method> <!-- runScenario -->
        <test-method is-config="true" signature="tearDownClass()[pri:0, instance:testRunners.ebayTestRunner@75d4a5c2]" started-at="2022-11-16T13:35:30 IST" name="tearDownClass" finished-at="2022-11-16T13:35:31 IST" duration-ms="166" status="PASS">
          <reporter-output>
          </reporter-output>
        </test-method> <!-- tearDownClass -->
      </class> <!-- testRunners.ebayTestRunner -->
    </test> <!-- Default test -->
  </suite> <!-- Default suite -->
</testng-results>
